<?xml version="1.0" encoding="UTF-8"?>
<!-- Generated by org.testng.reporters.JUnitReportReporter -->
<testsuite hostname="TYC0522081" failures="0" tests="3" name="leads_Module.CreateLead" time="114.430" errors="0" timestamp="2024-06-26T22:08:59 IST" skipped="0">
  <testcase classname="leads_Module.CreateLead" name="createUser" time="46.637"/>
  <testcase classname="leads_Module.CreateLead" name="editLead" time="43.250"/>
  <testcase classname="leads_Module.CreateLead" name="deleteLead" time="24.543"/>
</testsuite> <!-- leads_Module.CreateLead -->
